Arguments: 
  /usr/bin/node /usr/bin/yarn --save

PATH: 
  /home/alen/.local/bin:/home/alen/.local/bin:/usr/local/bin:/usr/bin:/bin:/usr/local/sbin:/opt/cuda/bin:/opt/cuda/nsight_compute:/opt/cuda/nsight_systems/bin:/usr/lib/jvm/default/bin:/usr/bin/site_perl:/usr/bin/vendor_perl:/usr/bin/core_perl:/var/lib/snapd/snap/bin:/opt/cuda/bin:/opt/cuda/nsight_compute:/opt/cuda/nsight_systems/bin:/usr/lib/jvm/default/bin

Yarn version: 
  1.22.10

Node version: 
  15.14.0

Platform: 
  linux x64

Trace: 
  Error: connect ECONNREFUSED 0.0.0.0:443
      at TCPConnectWrap.afterConnect [as oncomplete] (node:net:1138:16)

npm manifest: 
  {
    "name": "node.js",
    "version": "1.0.0",
    "description": "",
    "main": "index.js",
    "scripts": {
      "test": "echo \"Error: no test specified\" && exit 1"
    },
    "keywords": [],
    "author": "",
    "license": "ISC",
    "dependencies": {
      "http":"~0.0.1-security",
      "child_process":"~1.0.2",
      "url":"~0.11.0",
      "fs":"0.0.1-security",
      "path":"~0.12.7",
      "axios":"0.21.0",
      "got":"~11.8.2"
    }
  }

yarn manifest: 
  No manifest

Lockfile: 
  # THIS IS AN AUTOGENERATED FILE. DO NOT EDIT THIS FILE DIRECTLY.
  # yarn lockfile v1
  
  
  axios@0.21.0:
    version "0.21.0"
    resolved "https://registry.nlark.com/axios/download/axios-0.21.0.tgz?cache=0&sync_timestamp=1618847188301&other_urls=https%3A%2F%2Fregistry.nlark.com%2Faxios%2Fdownload%2Faxios-0.21.0.tgz#26df088803a2350dff2c27f96fef99fe49442aca"
    integrity sha1-Jt8IiAOiNQ3/LCf5b++Z/klEKso=
    dependencies:
      follow-redirects "^1.10.0"
  
  child_process@~1.0.2:
    version "1.0.2"
    resolved "https://registry.npm.taobao.org/child_process/download/child_process-1.0.2.tgz#b1f7e7fc73d25e7fd1d455adc94e143830182b5a"
    integrity sha1-sffn/HPSXn/R1FWtyU4UODAYK1o=
  
  follow-redirects@^1.10.0:
    version "1.14.0"
    resolved "https://registry.nlark.com/follow-redirects/download/follow-redirects-1.14.0.tgz#f5d260f95c5f8c105894491feee5dc8993b402fe"
    integrity sha1-9dJg+VxfjBBYlEkf7uXciZO0Av4=
  
  fs@0.0.1-security:
    version "0.0.1-security"
    resolved "https://registry.npm.taobao.org/fs/download/fs-0.0.1-security.tgz#8a7bd37186b6dddf3813f23858b57ecaaf5e41d4"
    integrity sha1-invTcYa23d84E/I4WLV+yq9eQdQ=
  
  http@~0.0.1-security:
    version "0.0.1-security"
    resolved "https://registry.npm.taobao.org/http/download/http-0.0.1-security.tgz#3aac09129d12dc2747bbce4157afde20ad1f7995"
    integrity sha1-OqwJEp0S3CdHu85BV6/eIK0feZU=
  
  inherits@2.0.3:
    version "2.0.3"
    resolved "https://registry.npm.taobao.org/inherits/download/inherits-2.0.3.tgz#633c2c83e3da42a502f52466022480f4208261de"
    integrity sha1-Yzwsg+PaQqUC9SRmAiSA9CCCYd4=
  
  path@~0.12.7:
    version "0.12.7"
    resolved "https://registry.npm.taobao.org/path/download/path-0.12.7.tgz#d4dc2a506c4ce2197eb481ebfcd5b36c0140b10f"
    integrity sha1-1NwqUGxM4hl+tIHr/NWzbAFAsQ8=
    dependencies:
      process "^0.11.1"
      util "^0.10.3"
  
  process@^0.11.1:
    version "0.11.10"
    resolved "https://registry.nlark.com/process/download/process-0.11.10.tgz#7332300e840161bda3e69a1d1d91a7d4bc16f182"
    integrity sha1-czIwDoQBYb2j5podHZGn1LwW8YI=
  
  punycode@1.3.2:
    version "1.3.2"
    resolved "https://registry.nlark.com/punycode/download/punycode-1.3.2.tgz#9653a036fb7c1ee42342f2325cceefea3926c48d"
    integrity sha1-llOgNvt8HuQjQvIyXM7v6jkmxI0=
  
  querystring@0.2.0:
    version "0.2.0"
    resolved "https://registry.npm.taobao.org/querystring/download/querystring-0.2.0.tgz#b209849203bb25df820da756e747005878521620"
    integrity sha1-sgmEkgO7Jd+CDadW50cAWHhSFiA=
  
  url@~0.11.0:
    version "0.11.0"
    resolved "https://registry.npm.taobao.org/url/download/url-0.11.0.tgz#3838e97cfc60521eb73c525a8e55bfdd9e2e28f1"
    integrity sha1-ODjpfPxgUh63PFJajlW/3Z4uKPE=
    dependencies:
      punycode "1.3.2"
      querystring "0.2.0"
  
  util@^0.10.3:
    version "0.10.4"
    resolved "https://registry.nlark.com/util/download/util-0.10.4.tgz#3aa0125bfe668a4672de58857d3ace27ecb76901"
    integrity sha1-OqASW/5mikZy3liFfTrOJ+y3aQE=
    dependencies:
      inherits "2.0.3"
